2024-05-27 14:42:06 INFO  DemoApplication:55 - Starting DemoApplication using Java 1.8.0_372 on MubindeMacBook-Air.local with PID 62927 (/Users/mubinlai/code/demo/target/classes started by mubinlai in /Users/mubinlai/code/demo)
2024-05-27 14:42:06 INFO  DemoApplication:631 - No active profile set, falling back to 1 default profile: "default"
2024-05-27 14:42:07 INFO  TomcatWebServer:108 - Tomcat initialized with port(s): 8080 (http)
2024-05-27 14:42:07 INFO  Http11NioProtocol:173 - Initializing ProtocolHandler ["http-nio-8080"]
2024-05-27 14:42:07 INFO  StandardService:173 - Starting service [Tomcat]
2024-05-27 14:42:07 INFO  StandardEngine:173 - Starting Servlet engine: [Apache Tomcat/9.0.76]
2024-05-27 14:42:07 INFO  [/]:173 - Initializing Spring embedded WebApplicationContext
2024-05-27 14:42:07 INFO  ServletWebServerApplicationContext:292 - Root WebApplicationContext: initialization completed in 798 ms
2024-05-27 14:42:07 INFO  AutowiredAnnotationBeanPostProcessor:477 - Autowired annotation is not supported on static fields: private static final org.apache.logging.log4j.Logger com.example.demo.business.product.domain.service.BondProductService.logger
2024-05-27 14:42:07 INFO  DruidDataSourceAutoConfigure:56 - Init DruidDataSource
2024-05-27 14:42:08 INFO  DruidDataSource:990 - {dataSource-1} inited
2024-05-27 14:42:08 INFO  Http11NioProtocol:173 - Starting ProtocolHandler ["http-nio-8080"]
2024-05-27 14:42:08 INFO  TomcatWebServer:220 - Tomcat started on port(s): 8080 (http) with context path ''
2024-05-27 14:42:08 INFO  DemoApplication:61 - Started DemoApplication in 1.981 seconds (JVM running for 2.416)
2024-05-27 14:42:14 INFO  [/]:173 - Initializing Spring DispatcherServlet 'dispatcherServlet'
2024-05-27 14:42:14 INFO  DispatcherServlet:525 - Initializing Servlet 'dispatcherServlet'
2024-05-27 14:42:14 INFO  DispatcherServlet:547 - Completed initialization in 0 ms
2024-05-27 14:43:26 WARN  DruidAbstractDataSource:1494 - discard long time none received connection. , jdbcUrl : jdbc:mysql://localhost:3306/CBond, version : 1.2.5, lastPacketReceivedIdleMillis : 71633
2024-05-27 14:43:26 WARN  DruidAbstractDataSource:1494 - discard long time none received connection. , jdbcUrl : jdbc:mysql://localhost:3306/CBond, version : 1.2.5, lastPacketReceivedIdleMillis : 78369
2024-05-27 14:43:26 WARN  DruidAbstractDataSource:1494 - discard long time none received connection. , jdbcUrl : jdbc:mysql://localhost:3306/CBond, version : 1.2.5, lastPacketReceivedIdleMillis : 78384
2024-05-27 14:43:26 WARN  DruidAbstractDataSource:1494 - discard long time none received connection. , jdbcUrl : jdbc:mysql://localhost:3306/CBond, version : 1.2.5, lastPacketReceivedIdleMillis : 78399
2024-05-27 14:43:26 WARN  DruidAbstractDataSource:1494 - discard long time none received connection. , jdbcUrl : jdbc:mysql://localhost:3306/CBond, version : 1.2.5, lastPacketReceivedIdleMillis : 78415
2024-05-27 14:43:26 WARN  CatchLogAspect:58 - BIZ EXCEPTION : not found result
